<?xml version="1.0" encoding="UTF-8"?>
<testng-results ignored="0" total="2" passed="2" failed="0" skipped="0">
  <reporter-output>
  </reporter-output>
  <suite started-at="2026-05-09T21:30:44 IST" name="Default suite" finished-at="2026-05-09T21:30:46 IST" duration-ms="1980">
    <groups>
    </groups>
    <test started-at="2026-05-09T21:30:44 IST" name="Default test" finished-at="2026-05-09T21:30:46 IST" duration-ms="1980">
      <class name="basic.session08_APIChaining">
        <test-method signature="getAllMembers(org.testng.ITestContext)[pri:0, instance:basic.session08_APIChaining@55183b20]" started-at="2026-05-09T21:30:44 IST" name="getAllMembers" description="GET request" finished-at="2026-05-09T21:30:46 IST" duration-ms="1798" status="PASS">
          <params>
            <param index="0">
              <value>
                <![CDATA[org.testng.TestRunner@87a85e1]]>
              </value>
            </param>
          </params>
          <reporter-output>
          </reporter-output>
        </test-method> <!-- getAllMembers -->
        <test-method signature="updateMemberName(org.testng.ITestContext)[pri:0, instance:basic.session08_APIChaining@55183b20]" started-at="2026-05-09T21:30:46 IST" name="updateMemberName" description="PUT request" finished-at="2026-05-09T21:30:46 IST" duration-ms="129" status="PASS">
          <params>
            <param index="0">
              <value>
                <![CDATA[org.testng.TestRunner@87a85e1]]>
              </value>
            </param>
          </params>
          <reporter-output>
          </reporter-output>
        </test-method> <!-- updateMemberName -->
      </class> <!-- basic.session08_APIChaining -->
    </test> <!-- Default test -->
  </suite> <!-- Default suite -->
</testng-results>
